[1748888232.5399] Error running :
SELECT option_name, option_value FROM wp_options WHERE autoload IN ( 'yes', 'on', 'auto-on', 'auto' )
---- converted to ----
SELECT option_name, option_value FROM wp_options WHERE autoload IN ( 'yes', 'on', 'auto-on', 'auto' )
----> ERROR:  relation "wp_options" does not exist
LINE 1: SELECT option_name, option_value FROM wp_options WHERE autol...
                                              ^
---------------------
[1748888232.5947] Error running :
SELECT option_name, option_value FROM wp_options
---- converted to ----
SELECT option_name, option_value FROM wp_options
----> ERROR:  relation "wp_options" does not exist
LINE 1: SELECT option_name, option_value FROM wp_options
                                              ^
---------------------
[1748888232.6492] Error running :
SELECT option_value FROM wp_options WHERE option_name = 'siteurl'
---- converted to ----
SELECT option_value FROM wp_options WHERE option_name = 'siteurl'
----> ERROR:  relation "wp_options" does not exist
LINE 1: SELECT option_value FROM wp_options WHERE option_name = 'sit...
                                 ^
---------------------
[1748888234.0045] Error running :
SELECT option_name, option_value FROM wp_options WHERE autoload IN ( 'yes', 'on', 'auto-on', 'auto' )
---- converted to ----
SELECT option_name, option_value FROM wp_options WHERE autoload IN ( 'yes', 'on', 'auto-on', 'auto' )
----> ERROR:  relation "wp_options" does not exist
LINE 1: SELECT option_name, option_value FROM wp_options WHERE autol...
                                              ^
---------------------
[1748888234.0574] Error running :
SELECT option_name, option_value FROM wp_options
---- converted to ----
SELECT option_name, option_value FROM wp_options
----> ERROR:  relation "wp_options" does not exist
LINE 1: SELECT option_name, option_value FROM wp_options
                                              ^
---------------------
[1748888234.11] Error running :
SELECT option_value FROM wp_options WHERE option_name = 'siteurl'
---- converted to ----
SELECT option_value FROM wp_options WHERE option_name = 'siteurl'
----> ERROR:  relation "wp_options" does not exist
LINE 1: SELECT option_value FROM wp_options WHERE option_name = 'sit...
                                 ^
---------------------
[1748888235.3799] Error running :
SELECT option_name, option_value FROM wp_options WHERE autoload IN ( 'yes', 'on', 'auto-on', 'auto' )
---- converted to ----
SELECT option_name, option_value FROM wp_options WHERE autoload IN ( 'yes', 'on', 'auto-on', 'auto' )
----> ERROR:  relation "wp_options" does not exist
LINE 1: SELECT option_name, option_value FROM wp_options WHERE autol...
                                              ^
---------------------
[1748888235.4327] Error running :
SELECT option_name, option_value FROM wp_options
---- converted to ----
SELECT option_name, option_value FROM wp_options
----> ERROR:  relation "wp_options" does not exist
LINE 1: SELECT option_name, option_value FROM wp_options
                                              ^
---------------------
[1748888235.4857] Error running :
SELECT option_value FROM wp_options WHERE option_name = 'siteurl'
---- converted to ----
SELECT option_value FROM wp_options WHERE option_name = 'siteurl'
----> ERROR:  relation "wp_options" does not exist
LINE 1: SELECT option_value FROM wp_options WHERE option_name = 'sit...
                                 ^
---------------------
[1748888235.8853] Error running :
SELECT option_name, option_value FROM wp_options WHERE autoload IN ( 'yes', 'on', 'auto-on', 'auto' )
---- converted to ----
SELECT option_name, option_value FROM wp_options WHERE autoload IN ( 'yes', 'on', 'auto-on', 'auto' )
----> ERROR:  relation "wp_options" does not exist
LINE 1: SELECT option_name, option_value FROM wp_options WHERE autol...
                                              ^
---------------------
[1748888235.9385] Error running :
SELECT option_name, option_value FROM wp_options
---- converted to ----
SELECT option_name, option_value FROM wp_options
----> ERROR:  relation "wp_options" does not exist
LINE 1: SELECT option_name, option_value FROM wp_options
                                              ^
---------------------
[1748888235.9917] Error running :
SELECT option_value FROM wp_options WHERE option_name = 'siteurl'
---- converted to ----
SELECT option_value FROM wp_options WHERE option_name = 'siteurl'
----> ERROR:  relation "wp_options" does not exist
LINE 1: SELECT option_value FROM wp_options WHERE option_name = 'sit...
                                 ^
---------------------
[1748888236.7564] Error running :
SELECT option_name, option_value FROM wp_options WHERE autoload IN ( 'yes', 'on', 'auto-on', 'auto' )
---- converted to ----
SELECT option_name, option_value FROM wp_options WHERE autoload IN ( 'yes', 'on', 'auto-on', 'auto' )
----> ERROR:  relation "wp_options" does not exist
LINE 1: SELECT option_name, option_value FROM wp_options WHERE autol...
                                              ^
---------------------
[1748888236.81] Error running :
SELECT option_name, option_value FROM wp_options
---- converted to ----
SELECT option_name, option_value FROM wp_options
----> ERROR:  relation "wp_options" does not exist
LINE 1: SELECT option_name, option_value FROM wp_options
                                              ^
---------------------
[1748888236.8647] Error running :
SELECT option_value FROM wp_options WHERE option_name = 'siteurl'
---- converted to ----
SELECT option_value FROM wp_options WHERE option_name = 'siteurl'
----> ERROR:  relation "wp_options" does not exist
LINE 1: SELECT option_value FROM wp_options WHERE option_name = 'sit...
                                 ^
---------------------
[1748888237.2691] Error running :
SELECT option_name, option_value FROM wp_options WHERE autoload IN ( 'yes', 'on', 'auto-on', 'auto' )
---- converted to ----
SELECT option_name, option_value FROM wp_options WHERE autoload IN ( 'yes', 'on', 'auto-on', 'auto' )
----> ERROR:  relation "wp_options" does not exist
LINE 1: SELECT option_name, option_value FROM wp_options WHERE autol...
                                              ^
---------------------
[1748888237.3225] Error running :
SELECT option_name, option_value FROM wp_options
---- converted to ----
SELECT option_name, option_value FROM wp_options
----> ERROR:  relation "wp_options" does not exist
LINE 1: SELECT option_name, option_value FROM wp_options
                                              ^
---------------------
[1748888237.3769] Error running :
SELECT option_value FROM wp_options WHERE option_name = 'siteurl'
---- converted to ----
SELECT option_value FROM wp_options WHERE option_name = 'siteurl'
----> ERROR:  relation "wp_options" does not exist
LINE 1: SELECT option_value FROM wp_options WHERE option_name = 'sit...
                                 ^
---------------------
[1748888238.1459] Error running :
SELECT option_name, option_value FROM wp_options WHERE autoload IN ( 'yes', 'on', 'auto-on', 'auto' )
---- converted to ----
SELECT option_name, option_value FROM wp_options WHERE autoload IN ( 'yes', 'on', 'auto-on', 'auto' )
----> ERROR:  relation "wp_options" does not exist
LINE 1: SELECT option_name, option_value FROM wp_options WHERE autol...
                                              ^
---------------------
[1748888238.1997] Error running :
SELECT option_name, option_value FROM wp_options
---- converted to ----
SELECT option_name, option_value FROM wp_options
----> ERROR:  relation "wp_options" does not exist
LINE 1: SELECT option_name, option_value FROM wp_options
                                              ^
---------------------
[1748888238.2533] Error running :
SELECT option_value FROM wp_options WHERE option_name = 'siteurl'
---- converted to ----
SELECT option_value FROM wp_options WHERE option_name = 'siteurl'
----> ERROR:  relation "wp_options" does not exist
LINE 1: SELECT option_value FROM wp_options WHERE option_name = 'sit...
                                 ^
---------------------
[1748888238.6633] Error running :
SELECT option_name, option_value FROM wp_options WHERE autoload IN ( 'yes', 'on', 'auto-on', 'auto' )
---- converted to ----
SELECT option_name, option_value FROM wp_options WHERE autoload IN ( 'yes', 'on', 'auto-on', 'auto' )
----> ERROR:  relation "wp_options" does not exist
LINE 1: SELECT option_name, option_value FROM wp_options WHERE autol...
                                              ^
---------------------
[1748888238.7173] Error running :
SELECT option_name, option_value FROM wp_options
---- converted to ----
SELECT option_name, option_value FROM wp_options
----> ERROR:  relation "wp_options" does not exist
LINE 1: SELECT option_name, option_value FROM wp_options
                                              ^
---------------------
[1748888238.7711] Error running :
SELECT option_value FROM wp_options WHERE option_name = 'siteurl'
---- converted to ----
SELECT option_value FROM wp_options WHERE option_name = 'siteurl'
----> ERROR:  relation "wp_options" does not exist
LINE 1: SELECT option_value FROM wp_options WHERE option_name = 'sit...
                                 ^
---------------------
[1748888239.5527] Error running :
SELECT option_name, option_value FROM wp_options WHERE autoload IN ( 'yes', 'on', 'auto-on', 'auto' )
---- converted to ----
SELECT option_name, option_value FROM wp_options WHERE autoload IN ( 'yes', 'on', 'auto-on', 'auto' )
----> ERROR:  relation "wp_options" does not exist
LINE 1: SELECT option_name, option_value FROM wp_options WHERE autol...
                                              ^
---------------------
[1748888239.6077] Error running :
SELECT option_name, option_value FROM wp_options
---- converted to ----
SELECT option_name, option_value FROM wp_options
----> ERROR:  relation "wp_options" does not exist
LINE 1: SELECT option_name, option_value FROM wp_options
                                              ^
---------------------
[1748888239.6624] Error running :
SELECT option_value FROM wp_options WHERE option_name = 'siteurl'
---- converted to ----
SELECT option_value FROM wp_options WHERE option_name = 'siteurl'
----> ERROR:  relation "wp_options" does not exist
LINE 1: SELECT option_value FROM wp_options WHERE option_name = 'sit...
                                 ^
---------------------
[1748888240.0538] Error running :
SELECT option_name, option_value FROM wp_options WHERE autoload IN ( 'yes', 'on', 'auto-on', 'auto' )
---- converted to ----
SELECT option_name, option_value FROM wp_options WHERE autoload IN ( 'yes', 'on', 'auto-on', 'auto' )
----> ERROR:  relation "wp_options" does not exist
LINE 1: SELECT option_name, option_value FROM wp_options WHERE autol...
                                              ^
---------------------
[1748888240.1073] Error running :
SELECT option_name, option_value FROM wp_options
---- converted to ----
SELECT option_name, option_value FROM wp_options
----> ERROR:  relation "wp_options" does not exist
LINE 1: SELECT option_name, option_value FROM wp_options
                                              ^
---------------------
[1748888240.1604] Error running :
SELECT option_value FROM wp_options WHERE option_name = 'siteurl'
---- converted to ----
SELECT option_value FROM wp_options WHERE option_name = 'siteurl'
----> ERROR:  relation "wp_options" does not exist
LINE 1: SELECT option_value FROM wp_options WHERE option_name = 'sit...
                                 ^
---------------------
[1748888240.9719] Error running :
SELECT option_name, option_value FROM wp_options WHERE autoload IN ( 'yes', 'on', 'auto-on', 'auto' )
---- converted to ----
SELECT option_name, option_value FROM wp_options WHERE autoload IN ( 'yes', 'on', 'auto-on', 'auto' )
----> ERROR:  relation "wp_options" does not exist
LINE 1: SELECT option_name, option_value FROM wp_options WHERE autol...
                                              ^
---------------------
[1748888241.026] Error running :
SELECT option_name, option_value FROM wp_options
---- converted to ----
SELECT option_name, option_value FROM wp_options
----> ERROR:  relation "wp_options" does not exist
LINE 1: SELECT option_name, option_value FROM wp_options
                                              ^
---------------------
[1748888241.0801] Error running :
SELECT option_value FROM wp_options WHERE option_name = 'siteurl'
---- converted to ----
SELECT option_value FROM wp_options WHERE option_name = 'siteurl'
----> ERROR:  relation "wp_options" does not exist
LINE 1: SELECT option_value FROM wp_options WHERE option_name = 'sit...
                                 ^
---------------------
[1748888241.4433] Error running :
SELECT option_name, option_value FROM wp_options WHERE autoload IN ( 'yes', 'on', 'auto-on', 'auto' )
---- converted to ----
SELECT option_name, option_value FROM wp_options WHERE autoload IN ( 'yes', 'on', 'auto-on', 'auto' )
----> ERROR:  relation "wp_options" does not exist
LINE 1: SELECT option_name, option_value FROM wp_options WHERE autol...
                                              ^
---------------------
[1748888241.4967] Error running :
SELECT option_name, option_value FROM wp_options
---- converted to ----
SELECT option_name, option_value FROM wp_options
----> ERROR:  relation "wp_options" does not exist
LINE 1: SELECT option_name, option_value FROM wp_options
                                              ^
---------------------
[1748888241.55] Error running :
SELECT option_value FROM wp_options WHERE option_name = 'siteurl'
---- converted to ----
SELECT option_value FROM wp_options WHERE option_name = 'siteurl'
----> ERROR:  relation "wp_options" does not exist
LINE 1: SELECT option_value FROM wp_options WHERE option_name = 'sit...
                                 ^
---------------------
[1748888242.376] Error running :
SELECT option_name, option_value FROM wp_options WHERE autoload IN ( 'yes', 'on', 'auto-on', 'auto' )
---- converted to ----
SELECT option_name, option_value FROM wp_options WHERE autoload IN ( 'yes', 'on', 'auto-on', 'auto' )
----> ERROR:  relation "wp_options" does not exist
LINE 1: SELECT option_name, option_value FROM wp_options WHERE autol...
                                              ^
---------------------
[1748888242.4296] Error running :
SELECT option_name, option_value FROM wp_options
---- converted to ----
SELECT option_name, option_value FROM wp_options
----> ERROR:  relation "wp_options" does not exist
LINE 1: SELECT option_name, option_value FROM wp_options
                                              ^
---------------------
[1748888242.4836] Error running :
SELECT option_value FROM wp_options WHERE option_name = 'siteurl'
---- converted to ----
SELECT option_value FROM wp_options WHERE option_name = 'siteurl'
----> ERROR:  relation "wp_options" does not exist
LINE 1: SELECT option_value FROM wp_options WHERE option_name = 'sit...
                                 ^
---------------------
[1748888242.8356] Error running :
SELECT option_name, option_value FROM wp_options WHERE autoload IN ( 'yes', 'on', 'auto-on', 'auto' )
---- converted to ----
SELECT option_name, option_value FROM wp_options WHERE autoload IN ( 'yes', 'on', 'auto-on', 'auto' )
----> ERROR:  relation "wp_options" does not exist
LINE 1: SELECT option_name, option_value FROM wp_options WHERE autol...
                                              ^
---------------------
[1748888242.8888] Error running :
SELECT option_name, option_value FROM wp_options
---- converted to ----
SELECT option_name, option_value FROM wp_options
----> ERROR:  relation "wp_options" does not exist
LINE 1: SELECT option_name, option_value FROM wp_options
                                              ^
---------------------
[1748888242.9421] Error running :
SELECT option_value FROM wp_options WHERE option_name = 'siteurl'
---- converted to ----
SELECT option_value FROM wp_options WHERE option_name = 'siteurl'
----> ERROR:  relation "wp_options" does not exist
LINE 1: SELECT option_value FROM wp_options WHERE option_name = 'sit...
                                 ^
---------------------
[1748888243.7764] Error running :
SELECT option_name, option_value FROM wp_options WHERE autoload IN ( 'yes', 'on', 'auto-on', 'auto' )
---- converted to ----
SELECT option_name, option_value FROM wp_options WHERE autoload IN ( 'yes', 'on', 'auto-on', 'auto' )
----> ERROR:  relation "wp_options" does not exist
LINE 1: SELECT option_name, option_value FROM wp_options WHERE autol...
                                              ^
---------------------
[1748888243.83] Error running :
SELECT option_name, option_value FROM wp_options
---- converted to ----
SELECT option_name, option_value FROM wp_options
----> ERROR:  relation "wp_options" does not exist
LINE 1: SELECT option_name, option_value FROM wp_options
                                              ^
---------------------
[1748888243.8835] Error running :
SELECT option_value FROM wp_options WHERE option_name = 'siteurl'
---- converted to ----
SELECT option_value FROM wp_options WHERE option_name = 'siteurl'
----> ERROR:  relation "wp_options" does not exist
LINE 1: SELECT option_value FROM wp_options WHERE option_name = 'sit...
                                 ^
---------------------
[1748888244.2304] Error running :
SELECT option_name, option_value FROM wp_options WHERE autoload IN ( 'yes', 'on', 'auto-on', 'auto' )
---- converted to ----
SELECT option_name, option_value FROM wp_options WHERE autoload IN ( 'yes', 'on', 'auto-on', 'auto' )
----> ERROR:  relation "wp_options" does not exist
LINE 1: SELECT option_name, option_value FROM wp_options WHERE autol...
                                              ^
---------------------
[1748888244.285] Error running :
SELECT option_name, option_value FROM wp_options
---- converted to ----
SELECT option_name, option_value FROM wp_options
----> ERROR:  relation "wp_options" does not exist
LINE 1: SELECT option_name, option_value FROM wp_options
                                              ^
---------------------
[1748888244.3378] Error running :
SELECT option_value FROM wp_options WHERE option_name = 'siteurl'
---- converted to ----
SELECT option_value FROM wp_options WHERE option_name = 'siteurl'
----> ERROR:  relation "wp_options" does not exist
LINE 1: SELECT option_value FROM wp_options WHERE option_name = 'sit...
                                 ^
---------------------
[1748888245.171] Error running :
SELECT option_name, option_value FROM wp_options WHERE autoload IN ( 'yes', 'on', 'auto-on', 'auto' )
---- converted to ----
SELECT option_name, option_value FROM wp_options WHERE autoload IN ( 'yes', 'on', 'auto-on', 'auto' )
----> ERROR:  relation "wp_options" does not exist
LINE 1: SELECT option_name, option_value FROM wp_options WHERE autol...
                                              ^
---------------------
[1748888245.2243] Error running :
SELECT option_name, option_value FROM wp_options
---- converted to ----
SELECT option_name, option_value FROM wp_options
----> ERROR:  relation "wp_options" does not exist
LINE 1: SELECT option_name, option_value FROM wp_options
                                              ^
---------------------
[1748888245.2776] Error running :
SELECT option_value FROM wp_options WHERE option_name = 'siteurl'
---- converted to ----
SELECT option_value FROM wp_options WHERE option_name = 'siteurl'
----> ERROR:  relation "wp_options" does not exist
LINE 1: SELECT option_value FROM wp_options WHERE option_name = 'sit...
                                 ^
---------------------
[1748888245.6197] Error running :
SELECT option_name, option_value FROM wp_options WHERE autoload IN ( 'yes', 'on', 'auto-on', 'auto' )
---- converted to ----
SELECT option_name, option_value FROM wp_options WHERE autoload IN ( 'yes', 'on', 'auto-on', 'auto' )
----> ERROR:  relation "wp_options" does not exist
LINE 1: SELECT option_name, option_value FROM wp_options WHERE autol...
                                              ^
---------------------
[1748888245.6728] Error running :
SELECT option_name, option_value FROM wp_options
---- converted to ----
SELECT option_name, option_value FROM wp_options
----> ERROR:  relation "wp_options" does not exist
LINE 1: SELECT option_name, option_value FROM wp_options
                                              ^
---------------------
[1748888245.726] Error running :
SELECT option_value FROM wp_options WHERE option_name = 'siteurl'
---- converted to ----
SELECT option_value FROM wp_options WHERE option_name = 'siteurl'
----> ERROR:  relation "wp_options" does not exist
LINE 1: SELECT option_value FROM wp_options WHERE option_name = 'sit...
                                 ^
---------------------
[1748888246.5682] Error running :
SELECT option_name, option_value FROM wp_options WHERE autoload IN ( 'yes', 'on', 'auto-on', 'auto' )
---- converted to ----
SELECT option_name, option_value FROM wp_options WHERE autoload IN ( 'yes', 'on', 'auto-on', 'auto' )
----> ERROR:  relation "wp_options" does not exist
LINE 1: SELECT option_name, option_value FROM wp_options WHERE autol...
                                              ^
---------------------
[1748888246.6247] Error running :
SELECT option_name, option_value FROM wp_options
---- converted to ----
SELECT option_name, option_value FROM wp_options
----> ERROR:  relation "wp_options" does not exist
LINE 1: SELECT option_name, option_value FROM wp_options
                                              ^
---------------------
[1748888246.6785] Error running :
SELECT option_value FROM wp_options WHERE option_name = 'siteurl'
---- converted to ----
SELECT option_value FROM wp_options WHERE option_name = 'siteurl'
----> ERROR:  relation "wp_options" does not exist
LINE 1: SELECT option_value FROM wp_options WHERE option_name = 'sit...
                                 ^
---------------------
[1748888247.0039] Error running :
SELECT option_name, option_value FROM wp_options WHERE autoload IN ( 'yes', 'on', 'auto-on', 'auto' )
---- converted to ----
SELECT option_name, option_value FROM wp_options WHERE autoload IN ( 'yes', 'on', 'auto-on', 'auto' )
----> ERROR:  relation "wp_options" does not exist
LINE 1: SELECT option_name, option_value FROM wp_options WHERE autol...
                                              ^
---------------------
[1748888247.0571] Error running :
SELECT option_name, option_value FROM wp_options
---- converted to ----
SELECT option_name, option_value FROM wp_options
----> ERROR:  relation "wp_options" does not exist
LINE 1: SELECT option_name, option_value FROM wp_options
                                              ^
---------------------
[1748888247.1102] Error running :
SELECT option_value FROM wp_options WHERE option_name = 'siteurl'
---- converted to ----
SELECT option_value FROM wp_options WHERE option_name = 'siteurl'
----> ERROR:  relation "wp_options" does not exist
LINE 1: SELECT option_value FROM wp_options WHERE option_name = 'sit...
                                 ^
---------------------
[1748888247.9708] Error running :
SELECT option_name, option_value FROM wp_options WHERE autoload IN ( 'yes', 'on', 'auto-on', 'auto' )
---- converted to ----
SELECT option_name, option_value FROM wp_options WHERE autoload IN ( 'yes', 'on', 'auto-on', 'auto' )
----> ERROR:  relation "wp_options" does not exist
LINE 1: SELECT option_name, option_value FROM wp_options WHERE autol...
                                              ^
---------------------
[1748888248.0242] Error running :
SELECT option_name, option_value FROM wp_options
---- converted to ----
SELECT option_name, option_value FROM wp_options
----> ERROR:  relation "wp_options" does not exist
LINE 1: SELECT option_name, option_value FROM wp_options
                                              ^
---------------------
[1748888248.0776] Error running :
SELECT option_value FROM wp_options WHERE option_name = 'siteurl'
---- converted to ----
SELECT option_value FROM wp_options WHERE option_name = 'siteurl'
----> ERROR:  relation "wp_options" does not exist
LINE 1: SELECT option_value FROM wp_options WHERE option_name = 'sit...
                                 ^
---------------------
[1748888248.3896] Error running :
SELECT option_name, option_value FROM wp_options WHERE autoload IN ( 'yes', 'on', 'auto-on', 'auto' )
---- converted to ----
SELECT option_name, option_value FROM wp_options WHERE autoload IN ( 'yes', 'on', 'auto-on', 'auto' )
----> ERROR:  relation "wp_options" does not exist
LINE 1: SELECT option_name, option_value FROM wp_options WHERE autol...
                                              ^
---------------------
[1748888248.4438] Error running :
SELECT option_name, option_value FROM wp_options
---- converted to ----
SELECT option_name, option_value FROM wp_options
----> ERROR:  relation "wp_options" does not exist
LINE 1: SELECT option_name, option_value FROM wp_options
                                              ^
---------------------
[1748888248.4976] Error running :
SELECT option_value FROM wp_options WHERE option_name = 'siteurl'
---- converted to ----
SELECT option_value FROM wp_options WHERE option_name = 'siteurl'
----> ERROR:  relation "wp_options" does not exist
LINE 1: SELECT option_value FROM wp_options WHERE option_name = 'sit...
                                 ^
---------------------
[1748888249.37] Error running :
SELECT option_name, option_value FROM wp_options WHERE autoload IN ( 'yes', 'on', 'auto-on', 'auto' )
---- converted to ----
SELECT option_name, option_value FROM wp_options WHERE autoload IN ( 'yes', 'on', 'auto-on', 'auto' )
----> ERROR:  relation "wp_options" does not exist
LINE 1: SELECT option_name, option_value FROM wp_options WHERE autol...
                                              ^
---------------------
[1748888249.4242] Error running :
SELECT option_name, option_value FROM wp_options
---- converted to ----
SELECT option_name, option_value FROM wp_options
----> ERROR:  relation "wp_options" does not exist
LINE 1: SELECT option_name, option_value FROM wp_options
                                              ^
---------------------
[1748888249.4788] Error running :
SELECT option_value FROM wp_options WHERE option_name = 'siteurl'
---- converted to ----
SELECT option_value FROM wp_options WHERE option_name = 'siteurl'
----> ERROR:  relation "wp_options" does not exist
LINE 1: SELECT option_value FROM wp_options WHERE option_name = 'sit...
                                 ^
---------------------
[1748888249.7857] Error running :
SELECT option_name, option_value FROM wp_options WHERE autoload IN ( 'yes', 'on', 'auto-on', 'auto' )
---- converted to ----
SELECT option_name, option_value FROM wp_options WHERE autoload IN ( 'yes', 'on', 'auto-on', 'auto' )
----> ERROR:  relation "wp_options" does not exist
LINE 1: SELECT option_name, option_value FROM wp_options WHERE autol...
                                              ^
---------------------
[1748888249.8386] Error running :
SELECT option_name, option_value FROM wp_options
---- converted to ----
SELECT option_name, option_value FROM wp_options
----> ERROR:  relation "wp_options" does not exist
LINE 1: SELECT option_name, option_value FROM wp_options
                                              ^
---------------------
[1748888249.8917] Error running :
SELECT option_value FROM wp_options WHERE option_name = 'siteurl'
---- converted to ----
SELECT option_value FROM wp_options WHERE option_name = 'siteurl'
----> ERROR:  relation "wp_options" does not exist
LINE 1: SELECT option_value FROM wp_options WHERE option_name = 'sit...
                                 ^
---------------------
[1748888250.7696] Error running :
SELECT option_name, option_value FROM wp_options WHERE autoload IN ( 'yes', 'on', 'auto-on', 'auto' )
---- converted to ----
SELECT option_name, option_value FROM wp_options WHERE autoload IN ( 'yes', 'on', 'auto-on', 'auto' )
----> ERROR:  relation "wp_options" does not exist
LINE 1: SELECT option_name, option_value FROM wp_options WHERE autol...
                                              ^
---------------------
[1748888250.8227] Error running :
SELECT option_name, option_value FROM wp_options
---- converted to ----
SELECT option_name, option_value FROM wp_options
----> ERROR:  relation "wp_options" does not exist
LINE 1: SELECT option_name, option_value FROM wp_options
                                              ^
---------------------
[1748888250.8755] Error running :
SELECT option_value FROM wp_options WHERE option_name = 'siteurl'
---- converted to ----
SELECT option_value FROM wp_options WHERE option_name = 'siteurl'
----> ERROR:  relation "wp_options" does not exist
LINE 1: SELECT option_value FROM wp_options WHERE option_name = 'sit...
                                 ^
---------------------
[1748888251.1772] Error running :
SELECT option_name, option_value FROM wp_options WHERE autoload IN ( 'yes', 'on', 'auto-on', 'auto' )
---- converted to ----
SELECT option_name, option_value FROM wp_options WHERE autoload IN ( 'yes', 'on', 'auto-on', 'auto' )
----> ERROR:  relation "wp_options" does not exist
LINE 1: SELECT option_name, option_value FROM wp_options WHERE autol...
                                              ^
---------------------
[1748888251.2303] Error running :
SELECT option_name, option_value FROM wp_options
---- converted to ----
SELECT option_name, option_value FROM wp_options
----> ERROR:  relation "wp_options" does not exist
LINE 1: SELECT option_name, option_value FROM wp_options
                                              ^
---------------------
[1748888251.2834] Error running :
SELECT option_value FROM wp_options WHERE option_name = 'siteurl'
---- converted to ----
SELECT option_value FROM wp_options WHERE option_name = 'siteurl'
----> ERROR:  relation "wp_options" does not exist
LINE 1: SELECT option_value FROM wp_options WHERE option_name = 'sit...
                                 ^
---------------------
[1748888252.1655] Error running :
SELECT option_name, option_value FROM wp_options WHERE autoload IN ( 'yes', 'on', 'auto-on', 'auto' )
---- converted to ----
SELECT option_name, option_value FROM wp_options WHERE autoload IN ( 'yes', 'on', 'auto-on', 'auto' )
----> ERROR:  relation "wp_options" does not exist
LINE 1: SELECT option_name, option_value FROM wp_options WHERE autol...
                                              ^
---------------------
[1748888252.2194] Error running :
SELECT option_name, option_value FROM wp_options
---- converted to ----
SELECT option_name, option_value FROM wp_options
----> ERROR:  relation "wp_options" does not exist
LINE 1: SELECT option_name, option_value FROM wp_options
                                              ^
---------------------
[1748888252.2733] Error running :
SELECT option_value FROM wp_options WHERE option_name = 'siteurl'
---- converted to ----
SELECT option_value FROM wp_options WHERE option_name = 'siteurl'
----> ERROR:  relation "wp_options" does not exist
LINE 1: SELECT option_value FROM wp_options WHERE option_name = 'sit...
                                 ^
---------------------
[1748888252.5692] Error running :
SELECT option_name, option_value FROM wp_options WHERE autoload IN ( 'yes', 'on', 'auto-on', 'auto' )
---- converted to ----
SELECT option_name, option_value FROM wp_options WHERE autoload IN ( 'yes', 'on', 'auto-on', 'auto' )
----> ERROR:  relation "wp_options" does not exist
LINE 1: SELECT option_name, option_value FROM wp_options WHERE autol...
                                              ^
---------------------
[1748888252.6243] Error running :
SELECT option_name, option_value FROM wp_options
---- converted to ----
SELECT option_name, option_value FROM wp_options
----> ERROR:  relation "wp_options" does not exist
LINE 1: SELECT option_name, option_value FROM wp_options
                                              ^
---------------------
[1748888252.6775] Error running :
SELECT option_value FROM wp_options WHERE option_name = 'siteurl'
---- converted to ----
SELECT option_value FROM wp_options WHERE option_name = 'siteurl'
----> ERROR:  relation "wp_options" does not exist
LINE 1: SELECT option_value FROM wp_options WHERE option_name = 'sit...
                                 ^
---------------------
[1748888253.56] Error running :
SELECT option_name, option_value FROM wp_options WHERE autoload IN ( 'yes', 'on', 'auto-on', 'auto' )
---- converted to ----
SELECT option_name, option_value FROM wp_options WHERE autoload IN ( 'yes', 'on', 'auto-on', 'auto' )
----> ERROR:  relation "wp_options" does not exist
LINE 1: SELECT option_name, option_value FROM wp_options WHERE autol...
                                              ^
---------------------
[1748888253.6134] Error running :
SELECT option_name, option_value FROM wp_options
---- converted to ----
SELECT option_name, option_value FROM wp_options
----> ERROR:  relation "wp_options" does not exist
LINE 1: SELECT option_name, option_value FROM wp_options
                                              ^
---------------------
[1748888253.6668] Error running :
SELECT option_value FROM wp_options WHERE option_name = 'siteurl'
---- converted to ----
SELECT option_value FROM wp_options WHERE option_name = 'siteurl'
----> ERROR:  relation "wp_options" does not exist
LINE 1: SELECT option_value FROM wp_options WHERE option_name = 'sit...
                                 ^
---------------------
[1748888253.9618] Error running :
SELECT option_name, option_value FROM wp_options WHERE autoload IN ( 'yes', 'on', 'auto-on', 'auto' )
---- converted to ----
SELECT option_name, option_value FROM wp_options WHERE autoload IN ( 'yes', 'on', 'auto-on', 'auto' )
----> ERROR:  relation "wp_options" does not exist
LINE 1: SELECT option_name, option_value FROM wp_options WHERE autol...
                                              ^
---------------------
[1748888254.0153] Error running :
SELECT option_name, option_value FROM wp_options
---- converted to ----
SELECT option_name, option_value FROM wp_options
----> ERROR:  relation "wp_options" does not exist
LINE 1: SELECT option_name, option_value FROM wp_options
                                              ^
---------------------
[1748888254.0685] Error running :
SELECT option_value FROM wp_options WHERE option_name = 'siteurl'
---- converted to ----
SELECT option_value FROM wp_options WHERE option_name = 'siteurl'
----> ERROR:  relation "wp_options" does not exist
LINE 1: SELECT option_value FROM wp_options WHERE option_name = 'sit...
                                 ^
---------------------
[1748888254.9604] Error running :
SELECT option_name, option_value FROM wp_options WHERE autoload IN ( 'yes', 'on', 'auto-on', 'auto' )
---- converted to ----
SELECT option_name, option_value FROM wp_options WHERE autoload IN ( 'yes', 'on', 'auto-on', 'auto' )
----> ERROR:  relation "wp_options" does not exist
LINE 1: SELECT option_name, option_value FROM wp_options WHERE autol...
                                              ^
---------------------
[1748888255.0149] Error running :
SELECT option_name, option_value FROM wp_options
---- converted to ----
SELECT option_name, option_value FROM wp_options
----> ERROR:  relation "wp_options" does not exist
LINE 1: SELECT option_name, option_value FROM wp_options
                                              ^
---------------------
[1748888255.069] Error running :
SELECT option_value FROM wp_options WHERE option_name = 'siteurl'
---- converted to ----
SELECT option_value FROM wp_options WHERE option_name = 'siteurl'
----> ERROR:  relation "wp_options" does not exist
LINE 1: SELECT option_value FROM wp_options WHERE option_name = 'sit...
                                 ^
---------------------
[1748888255.3461] Error running :
SELECT option_name, option_value FROM wp_options WHERE autoload IN ( 'yes', 'on', 'auto-on', 'auto' )
---- converted to ----
SELECT option_name, option_value FROM wp_options WHERE autoload IN ( 'yes', 'on', 'auto-on', 'auto' )
----> ERROR:  relation "wp_options" does not exist
LINE 1: SELECT option_name, option_value FROM wp_options WHERE autol...
                                              ^
---------------------
[1748888255.3991] Error running :
SELECT option_name, option_value FROM wp_options
---- converted to ----
SELECT option_name, option_value FROM wp_options
----> ERROR:  relation "wp_options" does not exist
LINE 1: SELECT option_name, option_value FROM wp_options
                                              ^
---------------------
[1748888255.4519] Error running :
SELECT option_value FROM wp_options WHERE option_name = 'siteurl'
---- converted to ----
SELECT option_value FROM wp_options WHERE option_name = 'siteurl'
----> ERROR:  relation "wp_options" does not exist
LINE 1: SELECT option_value FROM wp_options WHERE option_name = 'sit...
                                 ^
---------------------
[1748888256.3634] Error running :
SELECT option_name, option_value FROM wp_options WHERE autoload IN ( 'yes', 'on', 'auto-on', 'auto' )
---- converted to ----
SELECT option_name, option_value FROM wp_options WHERE autoload IN ( 'yes', 'on', 'auto-on', 'auto' )
----> ERROR:  relation "wp_options" does not exist
LINE 1: SELECT option_name, option_value FROM wp_options WHERE autol...
                                              ^
---------------------
[1748888256.4166] Error running :
SELECT option_name, option_value FROM wp_options
---- converted to ----
SELECT option_name, option_value FROM wp_options
----> ERROR:  relation "wp_options" does not exist
LINE 1: SELECT option_name, option_value FROM wp_options
                                              ^
---------------------
[1748888256.4693] Error running :
SELECT option_value FROM wp_options WHERE option_name = 'siteurl'
---- converted to ----
SELECT option_value FROM wp_options WHERE option_name = 'siteurl'
----> ERROR:  relation "wp_options" does not exist
LINE 1: SELECT option_value FROM wp_options WHERE option_name = 'sit...
                                 ^
---------------------
[1748888256.7336] Error running :
SELECT option_name, option_value FROM wp_options WHERE autoload IN ( 'yes', 'on', 'auto-on', 'auto' )
---- converted to ----
SELECT option_name, option_value FROM wp_options WHERE autoload IN ( 'yes', 'on', 'auto-on', 'auto' )
----> ERROR:  relation "wp_options" does not exist
LINE 1: SELECT option_name, option_value FROM wp_options WHERE autol...
                                              ^
---------------------
[1748888256.7865] Error running :
SELECT option_name, option_value FROM wp_options
---- converted to ----
SELECT option_name, option_value FROM wp_options
----> ERROR:  relation "wp_options" does not exist
LINE 1: SELECT option_name, option_value FROM wp_options
                                              ^
---------------------
[1748888256.8395] Error running :
SELECT option_value FROM wp_options WHERE option_name = 'siteurl'
---- converted to ----
SELECT option_value FROM wp_options WHERE option_name = 'siteurl'
----> ERROR:  relation "wp_options" does not exist
LINE 1: SELECT option_value FROM wp_options WHERE option_name = 'sit...
                                 ^
---------------------
[1748888257.7416] Error running :
SELECT option_name, option_value FROM wp_options WHERE autoload IN ( 'yes', 'on', 'auto-on', 'auto' )
---- converted to ----
SELECT option_name, option_value FROM wp_options WHERE autoload IN ( 'yes', 'on', 'auto-on', 'auto' )
----> ERROR:  relation "wp_options" does not exist
LINE 1: SELECT option_name, option_value FROM wp_options WHERE autol...
                                              ^
---------------------
[1748888257.7947] Error running :
SELECT option_name, option_value FROM wp_options
---- converted to ----
SELECT option_name, option_value FROM wp_options
----> ERROR:  relation "wp_options" does not exist
LINE 1: SELECT option_name, option_value FROM wp_options
                                              ^
---------------------
[1748888257.8475] Error running :
SELECT option_value FROM wp_options WHERE option_name = 'siteurl'
---- converted to ----
SELECT option_value FROM wp_options WHERE option_name = 'siteurl'
----> ERROR:  relation "wp_options" does not exist
LINE 1: SELECT option_value FROM wp_options WHERE option_name = 'sit...
                                 ^
---------------------
[1748888258.128] Error running :
SELECT option_name, option_value FROM wp_options WHERE autoload IN ( 'yes', 'on', 'auto-on', 'auto' )
---- converted to ----
SELECT option_name, option_value FROM wp_options WHERE autoload IN ( 'yes', 'on', 'auto-on', 'auto' )
----> ERROR:  relation "wp_options" does not exist
LINE 1: SELECT option_name, option_value FROM wp_options WHERE autol...
                                              ^
---------------------
[1748888258.1824] Error running :
SELECT option_name, option_value FROM wp_options
---- converted to ----
SELECT option_name, option_value FROM wp_options
----> ERROR:  relation "wp_options" does not exist
LINE 1: SELECT option_name, option_value FROM wp_options
                                              ^
---------------------
[1748888258.2369] Error running :
SELECT option_value FROM wp_options WHERE option_name = 'siteurl'
---- converted to ----
SELECT option_value FROM wp_options WHERE option_name = 'siteurl'
----> ERROR:  relation "wp_options" does not exist
LINE 1: SELECT option_value FROM wp_options WHERE option_name = 'sit...
                                 ^
---------------------
[1748888259.1354] Error running :
SELECT option_name, option_value FROM wp_options WHERE autoload IN ( 'yes', 'on', 'auto-on', 'auto' )
---- converted to ----
SELECT option_name, option_value FROM wp_options WHERE autoload IN ( 'yes', 'on', 'auto-on', 'auto' )
----> ERROR:  relation "wp_options" does not exist
LINE 1: SELECT option_name, option_value FROM wp_options WHERE autol...
                                              ^
---------------------
[1748888259.1893] Error running :
SELECT option_name, option_value FROM wp_options
---- converted to ----
SELECT option_name, option_value FROM wp_options
----> ERROR:  relation "wp_options" does not exist
LINE 1: SELECT option_name, option_value FROM wp_options
                                              ^
---------------------
[1748888259.2432] Error running :
SELECT option_value FROM wp_options WHERE option_name = 'siteurl'
---- converted to ----
SELECT option_value FROM wp_options WHERE option_name = 'siteurl'
----> ERROR:  relation "wp_options" does not exist
LINE 1: SELECT option_value FROM wp_options WHERE option_name = 'sit...
                                 ^
---------------------
[1748888259.5248] Error running :
SELECT option_name, option_value FROM wp_options WHERE autoload IN ( 'yes', 'on', 'auto-on', 'auto' )
---- converted to ----
SELECT option_name, option_value FROM wp_options WHERE autoload IN ( 'yes', 'on', 'auto-on', 'auto' )
----> ERROR:  relation "wp_options" does not exist
LINE 1: SELECT option_name, option_value FROM wp_options WHERE autol...
                                              ^
---------------------
[1748888259.5775] Error running :
SELECT option_name, option_value FROM wp_options
---- converted to ----
SELECT option_name, option_value FROM wp_options
----> ERROR:  relation "wp_options" does not exist
LINE 1: SELECT option_name, option_value FROM wp_options
                                              ^
---------------------
[1748888259.6305] Error running :
SELECT option_value FROM wp_options WHERE option_name = 'siteurl'
---- converted to ----
SELECT option_value FROM wp_options WHERE option_name = 'siteurl'
----> ERROR:  relation "wp_options" does not exist
LINE 1: SELECT option_value FROM wp_options WHERE option_name = 'sit...
                                 ^
---------------------
[1748888447.4064] Error running :
SELECT YEAR(post_date) AS `year`, MONTH(post_date) AS `month`, count(ID) as posts FROM wp_posts  WHERE post_type = 'post' AND post_status = 'publish' GROUP BY YEAR(post_date), MONTH(post_date) ORDER BY post_date DESC 
---- converted to ----
SELECT EXTRACT(YEAR FROM post_date) AS year, EXTRACT(MONTH FROM post_date) AS month, count( "ID" ) as posts, EXTRACT(MONTH FROM post_date) ORDER BY post_date FROM wp_posts WHERE post_type = 'post' AND post_status = 'publish' GROUP BY EXTRACT(YEAR FROM post_date) AS year, EXTRACT(MONTH FROM post_date) AS month, EXTRACT(MONTH FROM post_date) ORDER BY post_date
----> ERROR:  syntax error at or near "FROM"
LINE 1: ... EXTRACT(MONTH FROM post_date) ORDER BY post_date FROM wp_po...
                                                             ^
---------------------
[1748888580.997] Error running :
SELECT YEAR(post_date) AS `year`, MONTH(post_date) AS `month`, count(ID) as posts FROM wp_posts  WHERE post_type = 'post' AND post_status = 'publish' GROUP BY YEAR(post_date), MONTH(post_date) ORDER BY post_date DESC 
---- converted to ----
SELECT EXTRACT(YEAR FROM post_date) AS year, EXTRACT(MONTH FROM post_date) AS month, count( "ID" ) as posts, EXTRACT(MONTH FROM post_date) ORDER BY post_date FROM wp_posts WHERE post_type = 'post' AND post_status = 'publish' GROUP BY EXTRACT(YEAR FROM post_date) AS year, EXTRACT(MONTH FROM post_date) AS month, EXTRACT(MONTH FROM post_date) ORDER BY post_date
----> ERROR:  syntax error at or near "FROM"
LINE 1: ... EXTRACT(MONTH FROM post_date) ORDER BY post_date FROM wp_po...
                                                             ^
---------------------
[1748888604.3369] Error running :
SELECT YEAR(post_date) AS `year`, MONTH(post_date) AS `month`, count(ID) as posts FROM wp_posts  WHERE post_type = 'post' AND post_status = 'publish' GROUP BY YEAR(post_date), MONTH(post_date) ORDER BY post_date DESC 
---- converted to ----
SELECT EXTRACT(YEAR FROM post_date) AS year, EXTRACT(MONTH FROM post_date) AS month, count( "ID" ) as posts, EXTRACT(MONTH FROM post_date) ORDER BY post_date FROM wp_posts WHERE post_type = 'post' AND post_status = 'publish' GROUP BY EXTRACT(YEAR FROM post_date) AS year, EXTRACT(MONTH FROM post_date) AS month, EXTRACT(MONTH FROM post_date) ORDER BY post_date
----> ERROR:  syntax error at or near "FROM"
LINE 1: ... EXTRACT(MONTH FROM post_date) ORDER BY post_date FROM wp_po...
                                                             ^
---------------------
[1748888615.6617] Error running :
SELECT YEAR(post_date) AS `year`, MONTH(post_date) AS `month`, count(ID) as posts FROM wp_posts  WHERE post_type = 'post' AND post_status = 'publish' GROUP BY YEAR(post_date), MONTH(post_date) ORDER BY post_date DESC 
---- converted to ----
SELECT EXTRACT(YEAR FROM post_date) AS year, EXTRACT(MONTH FROM post_date) AS month, count( "ID" ) as posts, EXTRACT(MONTH FROM post_date) ORDER BY post_date FROM wp_posts WHERE post_type = 'post' AND post_status = 'publish' GROUP BY EXTRACT(YEAR FROM post_date) AS year, EXTRACT(MONTH FROM post_date) AS month, EXTRACT(MONTH FROM post_date) ORDER BY post_date
----> ERROR:  syntax error at or near "FROM"
LINE 1: ... EXTRACT(MONTH FROM post_date) ORDER BY post_date FROM wp_po...
                                                             ^
---------------------
[1748888993.1355] Error running :
SELECT YEAR(post_date) AS `year`, MONTH(post_date) AS `month`, count(ID) as posts FROM wp_posts  WHERE post_type = 'post' AND post_status = 'publish' GROUP BY YEAR(post_date), MONTH(post_date) ORDER BY post_date DESC 
---- converted to ----
SELECT EXTRACT(YEAR FROM post_date) AS year, EXTRACT(MONTH FROM post_date) AS month, count( "ID" ) as posts, EXTRACT(MONTH FROM post_date) ORDER BY post_date FROM wp_posts WHERE post_type = 'post' AND post_status = 'publish' GROUP BY EXTRACT(YEAR FROM post_date) AS year, EXTRACT(MONTH FROM post_date) AS month, EXTRACT(MONTH FROM post_date) ORDER BY post_date
----> ERROR:  syntax error at or near "FROM"
LINE 1: ... EXTRACT(MONTH FROM post_date) ORDER BY post_date FROM wp_po...
                                                             ^
---------------------
